1517141644325:help
1517149337611:exit
1517171371700:help
1517171378967:exit
1517172252125:help
1517172296595:something
1517172347973:exit
1517172380071:help
1517172416455:exit
1517172439296:help
1517172459959:something-something-test
1517172463518:exit
1517173403562:help
1517173416657:add-client
1517173466497:add-client BestClient
1517173519229:add-debt-to-client asdfasdfasdfasdf
1517173544622:add-debt-to-client 25dc2ea4-6c96-464d-9c09-0976d8bf4e4c 500
1517173624284:show-all-clients
1517173671265:add-debt-to-client 25dc2ea4-6c96-464d-9c09-0976d8bf4e4c 890
1517173694071:show-all-clients
1517174431817:exit
1517174466756:help
1517174480782:show-all-clients
1517174689052:add-client First
1517174717691:add-debt-to-client 226aa35e-bd90-4651-98df-1db326267fdb 890
1517174772280:reduce-of-debt 226aa35e-bd90-4651-98df-1db326267fdb e7362c5a-e6e4-4a86-afcf-3351ff6088cc
1517174790585:stacktrace
1517174955908:exit
1517174987298:reduce-of-debt 226aa35e-bd90-4651-98df-1db326267fdb e7362c5a-e6e4-4a86-afcf-3351ff6088cc
1517175037758:stacktrace
1517175274217:quit
1517175299807:reduce-of-debt 226aa35e-bd90-4651-98df-1db326267fdb e7362c5a-e6e4-4a86-afcf-3351ff6088cc
1517175309052:stacktrace
1517175379787:exit
1517175429648:reduce-of-debt 226aa35e-bd90-4651-98df-1db326267fdb e7362c5a-e6e4-4a86-afcf-3351ff6088cc
1517175436825:stacktrace
1517175799992:exit
1517175823050:reduce-of-debt 226aa35e-bd90-4651-98df-1db326267fdb e7362c5a-e6e4-4a86-afcf-3351ff6088cc
1517176205508:exit
1517176226627:elp
1517176229154:help
1517176239614:show-all-clients
1517176382100:add-client First
1517176413766:add-client Second
1517176457503:show-all-clients
1517176484027:reduce-of-debt
1517176520179:reduce-of-debt edc5607a-0aad-48a9-bcb2-43262f420485 null
1517176541391:exit
1517176560411:show-all-clients
1517176611203:add-client First
1517176645638:add-debt-to-client 83ee821f-2fc5-4074-9ad5-f0491145f305 890
1517176659074:show-all-clients
1517176683911:reduce-of-debt 83ee821f-2fc5-4074-9ad5-f0491145f305 2bf91ffd-2fdc-4d73-af3a-c76e6eb87d3d
1517176723459:exit
1517176740817:add-client First
1517176746676:show-all-clients
1517176755563:exit
1517177815933:help
1517177832644:add-client First
1517177855552:add-client Second
1517177879424:add-debt-to-client 85312913-4a24-4a19-a6c9-e3f11b86437b 890
1517177892994:show-all-clients
1517177952926:add-debt-to-client 85312913-4a24-4a19-a6c9-e3f11b86437b 1400
1517177981813:show-all-clients
1517178072612:reduce-of-debt 85312913-4a24-4a19-a6c9-e3f11b86437b 31b0624c-d7fe-4a40-9ad6-159893f3878b 390
1517178088744:show-all-clients
1517178581409:exit
1517178789220:help
1517178800950:add-client First
1517178811520:add-client Second
1517178852363:add-debt-to-client 166ef530-215d-4dcd-b9a8-1a922f988ffe 375
1517178870068:show-all-clients
1517178927781:add-debt-to-client 166ef530-215d-4dcd-b9a8-1a922f988ffe 625
1517178941505:show-all-clients
1517179009158:reduce-of-debt 166ef530-215d-4dcd-b9a8-1a922f988ffe f3f89956-44df-4fc0-8f19-be876e13d1d6 400
1517179025574:show-all-clients
1517179055226:reduce-of-debt 166ef530-215d-4dcd-b9a8-1a922f988ffe f3f89956-44df-4fc0-8f19-be876e13d1d6 100
1517179062047:show-all-clients
1517179101642:exit
1517179366240:help
1517179391851:add-client First
1517179399328:add-client Second
1517179412980:show-all-clients
1517179433062:add-debt-to-client 1fef26a3-57d8-4006-a9ce-30d4c40addaa 375
1517179456599:add-debt-to-client 1fef26a3-57d8-4006-a9ce-30d4c40addaa 625
1517179508978:reduce-of-debt 1fef26a3-57d8-4006-a9ce-30d4c40addaa 99a7413b-d3bf-41a8-9008-026386043618 400
1517179517570:show-all-clients
1517179556090:exit
1517179586541:help
1517179596734:add-client First
1517179605538:add-client Second
1517179623352:add-debt-to-client 753af01f-2237-44e9-979d-e4b46b0bfdca 375
1517179633837:show-all-clients
1517179664542:reduce-of-debt753af01f-2237-44e9-979d-e4b46b0bfdca 62bc8757-efbc-4b5b-91fb-c3feb38e3f4e 400
1517179726266:stacktrace
1517179742802:exit
1517179778991:add-client First
1517179785672:add-client Second
1517179803964:add-debt-to-client 3efaa535-4d32-4872-8975-db86e4e7cd41 375
1517179816171:show-all-clients
1517179834224:reduce-of-debt 3efaa535-4d32-4872-8975-db86e4e7cd41 c54937d8-2b20-4eaa-886d-dd58f63cb746 400
1517179841114:show-all-clients
